<testsuites id="" name="" tests="1" failures="0" skipped="0" errors="0" time="19.606999">
<testsuite name="complete-10-principle-testability.spec.js" timestamp="2025-10-07T17:26:33.786Z" hostname="chromium" tests="1" failures="0" skipped="0" time="13.028" errors="0">
<testcase name="🎯 Complete 10-Principle Testability Assessment › Complete Analysis: All SauceDemo User Types - 10 Principles" classname="complete-10-principle-testability.spec.js" time="13.028">
<system-out>
<![CDATA[
🚀 STARTING COMPLETE 10-PRINCIPLE TESTABILITY ASSESSMENT
🤖 AI-Enhanced Framework: Playwright 1.49.0
🌐 Browser: chromium
📊 Analyzing: 10 Testability Principles per User Type
====================================================================================================

🎯 Processing standard_user...

🤖 COMPREHENSIVE 10-PRINCIPLE ANALYSIS: standard_user
================================================================================
✅ standard_user: Successfully logged in, analyzing all 10 principles...
🔍 Analyzing Observability...
  ✅ Observability: 83/100
    State: 18/25, Data-test: 25/25, Errors: 10/20, Visual: 15/15, Network: 15/15
🎮 Analyzing Controllability...
  ✅ Controllability: 80/100
    Input: 10/30, State: 25/25, Determinism: 25/25, Reliability: 20/20
🧩 Analyzing Algorithmic Simplicity...
  ✅ Algorithmic Simplicity: 80/100
    Clarity: 35/35, Complexity: 35/35, Predictability: 10/30
🔬 Analyzing Algorithmic Transparency...
  ✅ Algorithmic Transparency: 25/100
    Visibility: 0/40, Understanding: 0/35, BlackBox: 25/25
⚖️ Analyzing Algorithmic Stability...
  ✅ Algorithmic Stability: 100/100
    Resilience: 35/35, Maintainability: 35/35, Consistency: 30/30
📖 Analyzing Explainability...
  ✅ Explainability: 25/100
    Clarity: 10/35, Documentation: 15/35, Structure: 0/30
🐛 Analyzing Unbugginess...
  ✅ Unbugginess: 85/100
    Errors: 40/40, Handling: 20/35, Robustness: 25/25
📏 Analyzing Smallness...
  ✅ Smallness: 100/100
    Size: 40/40, Scope: 35/35, Management: 25/25
🔧 Analyzing Decomposability...
  ✅ Decomposability: 86/100
    Separation: 40/40, Isolation: 35/35, Modular: 11/25
🎯 Analyzing Similarity...
  ✅ Similarity: 64/100
    Patterns: 24/40, Technology: 35/35, Conventions: 5/25

🎯 OVERALL SCORE for standard_user: 73/100
🤖 AI Recommendations: 2 suggestions generated
================================================================================

🎯 Processing locked_out_user...

🤖 COMPREHENSIVE 10-PRINCIPLE ANALYSIS: locked_out_user
================================================================================
⚠️ locked_out_user: Login failed or blocked

🎯 Processing problem_user...

🤖 COMPREHENSIVE 10-PRINCIPLE ANALYSIS: problem_user
================================================================================
✅ problem_user: Successfully logged in, analyzing all 10 principles...
🔍 Analyzing Observability...
  ✅ Observability: 83/100
    State: 18/25, Data-test: 25/25, Errors: 10/20, Visual: 15/15, Network: 15/15
🎮 Analyzing Controllability...
  ✅ Controllability: 80/100
    Input: 10/30, State: 25/25, Determinism: 25/25, Reliability: 20/20
🧩 Analyzing Algorithmic Simplicity...
  ✅ Algorithmic Simplicity: 80/100
    Clarity: 35/35, Complexity: 35/35, Predictability: 10/30
🔬 Analyzing Algorithmic Transparency...
  ✅ Algorithmic Transparency: 25/100
    Visibility: 0/40, Understanding: 0/35, BlackBox: 25/25
⚖️ Analyzing Algorithmic Stability...
  ✅ Algorithmic Stability: 100/100
    Resilience: 35/35, Maintainability: 35/35, Consistency: 30/30
📖 Analyzing Explainability...
  ✅ Explainability: 25/100
    Clarity: 10/35, Documentation: 15/35, Structure: 0/30
🐛 Analyzing Unbugginess...
  ✅ Unbugginess: 85/100
    Errors: 40/40, Handling: 20/35, Robustness: 25/25
📏 Analyzing Smallness...
  ✅ Smallness: 100/100
    Size: 40/40, Scope: 35/35, Management: 25/25
🔧 Analyzing Decomposability...
  ✅ Decomposability: 86/100
    Separation: 40/40, Isolation: 35/35, Modular: 11/25
🎯 Analyzing Similarity...
  ✅ Similarity: 64/100
    Patterns: 24/40, Technology: 35/35, Conventions: 5/25

🎯 OVERALL SCORE for problem_user: 73/100
🤖 AI Recommendations: 2 suggestions generated
================================================================================

📊 COMPREHENSIVE 10-PRINCIPLE TESTABILITY REPORT
Generated: 2025-10-07T17:26:34.796Z
🤖 AI-Enhanced Analysis Framework
========================================================================================================================

USER TYPE        | OVERALL | OBS | CTL | SIM | TRA | STA | EXP | UNB | SMA | DEC | SIM | GRADE
------------------------------------------------------------------------------------------------------------------------
standard_user    |      73 |  83 |  80 |  80 |  25 | 100 |  25 |  85 | 100 |  86 |  64 | C (Average)
problem_user     |      73 |  83 |  80 |  80 |  25 | 100 |  25 |  85 | 100 |  86 |  64 | C (Average)

🤖 AI COMPREHENSIVE ANALYSIS:
------------------------------------------------------------
Average Testability Score: 73/100
Best Performance: standard_user (73/100)
Needs Improvement: standard_user (73/100)
Score Variance: 0 points

🎯 PRINCIPLE STRENGTH ANALYSIS (Average Scores):
------------------------------------------------------------
algorithmicStability     : 100/100 🟢 Strong
smallness                : 100/100 🟢 Strong
decomposability          :  86/100 🟢 Strong
unbugginess              :  85/100 🟢 Strong
observability            :  83/100 🟢 Strong
controllability          :  80/100 🟢 Strong
algorithmicSimplicity    :  80/100 🟢 Strong
similarity               :  64/100 🟡 Moderate
algorithmicTransparency  :  25/100 🔴 Weak
explainability           :  25/100 🔴 Weak

🤖 AI-POWERED IMPROVEMENT RECOMMENDATIONS:
------------------------------------------------------------

🚨 CRITICAL PRIORITY:
• ALGORITHMICTRANSPARENCY: Add progress indicators, improve feedback messages, and reduce black-box operations
  AI Reasoning: AI analysis shows algorithmicTransparency scoring 25/100, indicating need for improvement

• EXPLAINABILITY: Add semantic HTML elements, implement ARIA labels, and improve documentation
  AI Reasoning: AI analysis shows explainability scoring 25/100, indicating need for improvement

• ALGORITHMICTRANSPARENCY: Add progress indicators, improve feedback messages, and reduce black-box operations
  AI Reasoning: AI analysis shows algorithmicTransparency scoring 25/100, indicating need for improvement

• EXPLAINABILITY: Add semantic HTML elements, implement ARIA labels, and improve documentation
  AI Reasoning: AI analysis shows explainability scoring 25/100, indicating need for improvement



🎨 HTML Report Generated: /Users/lalitkumar.bhamare/Desktop/Conference Talks/Demo Swag Labs/tests/reports/testability-report-2025-10-07T17-26-48-810Z.html
📊 Open in browser to view interactive testability analysis

💾 Complete Analysis Results Saved:
   📊 Detailed Data: /Users/lalitkumar.bhamare/Desktop/Conference Talks/Demo Swag Labs/tests/reports/complete-testability-chromium-2025-10-07T17-26-48-775Z.json
   📄 Text Report: /Users/lalitkumar.bhamare/Desktop/Conference Talks/Demo Swag Labs/tests/reports/complete-testability-chromium-2025-10-07T17-26-48-775Z-report.txt
   🎨 Interactive HTML Report: /Users/lalitkumar.bhamare/Desktop/Conference Talks/Demo Swag Labs/tests/reports/testability-report-2025-10-07T17-26-48-810Z.html

🌐 Open the HTML report in your browser for interactive analysis!

🎯 COMPLETE ASSESSMENT SUMMARY:
   📊 Average Score: 73/100
   ✅ Successful Analyses: 2/3
   🎯 Principles Evaluated: 10 per user type
   🤖 AI Recommendations: 2 generated

🎉 Complete 10-Principle Analysis Successful!

📊 Test Analysis: Complete Analysis: All SauceDemo User Types - 10 Principles
   Status: passed
   Duration: 12864ms
   ✅ Success: Complete testability analysis executed
]]>
</system-out>
</testcase>
</testsuite>
</testsuites>